  Animation.c
  AnimationState.c
  AnimationStateData.c
  Atlas.c
  AtlasAttachmentLoader.c
  Attachment.c
  AttachmentLoader.c
  Bone.c
  BoneData.c
  BoundingBoxAttachment.c
  Event.c
  EventData.c
  extension.c
  IkConstraint.c
  IkConstraintData.c
  Json.c
  MeshAttachment.c
  RegionAttachment.c
  Skeleton.c
  SkeletonBounds.c
  SkeletonData.c
  SkeletonJson.c
  Skin.c
  SkinnedMeshAttachment.c
  Slot.c
  SlotData.c
  PolygonBatch.cpp
  SkeletonAnimation.cpp
  SkeletonRenderer.cpp
  spine-cocos2dx.cpp
c:\users\chu\downloads\cocos2dx_source\innolab_proto_client\cocos2d\cocos\base\ccutf8.h : warning C4819: The file contains a character that cannot be represented in the current code page (932). Save the file in Unicode format to prevent data loss (..\SkeletonRenderer.cpp)
c:\users\chu\downloads\cocos2dx_source\innolab_proto_client\cocos2d\cocos\base\ccutf8.h : warning C4819: The file contains a character that cannot be represented in the current code page (932). Save the file in Unicode format to prevent data loss (..\SkeletonAnimation.cpp)
c:\users\chu\downloads\cocos2dx_source\innolab_proto_client\cocos2d\cocos\base\ccutf8.h : warning C4819: The file contains a character that cannot be represented in the current code page (932). Save the file in Unicode format to prevent data loss (..\PolygonBatch.cpp)
c:\users\chu\downloads\cocos2dx_source\innolab_proto_client\cocos2d\cocos\base\ccutf8.h : warning C4819: The file contains a character that cannot be represented in the current code page (932). Save the file in Unicode format to prevent data loss (..\spine-cocos2dx.cpp)
c:\users\chu\downloads\cocos2dx_source\innolab_proto_client\cocos2d\cocos\platform\ccsaxparser.h : warning C4819: The file contains a character that cannot be represented in the current code page (932). Save the file in Unicode format to prevent data loss (..\SkeletonAnimation.cpp)
c:\users\chu\downloads\cocos2dx_source\innolab_proto_client\cocos2d\cocos\platform\ccsaxparser.h : warning C4819: The file contains a character that cannot be represented in the current code page (932). Save the file in Unicode format to prevent data loss (..\PolygonBatch.cpp)
c:\users\chu\downloads\cocos2dx_source\innolab_proto_client\cocos2d\cocos\platform\ccsaxparser.h : warning C4819: The file contains a character that cannot be represented in the current code page (932). Save the file in Unicode format to prevent data loss (..\SkeletonRenderer.cpp)
c:\users\chu\downloads\cocos2dx_source\innolab_proto_client\cocos2d\cocos\platform\ccsaxparser.h : warning C4819: The file contains a character that cannot be represented in the current code page (932). Save the file in Unicode format to prevent data loss (..\spine-cocos2dx.cpp)
c:\users\chu\downloads\cocos2dx_source\innolab_proto_client\cocos2d\cocos\editor-support\spine\skeletonrenderer.cpp(229): warning C4996: 'cocos2d::DrawPrimitives::setDrawColor4B': was declared deprecated
          c:\users\chu\downloads\cocos2dx_source\innolab_proto_client\cocos2d\cocos\2d\ccdrawingprimitives.h(150) : see declaration of 'cocos2d::DrawPrimitives::setDrawColor4B'
c:\users\chu\downloads\cocos2dx_source\innolab_proto_client\cocos2d\cocos\editor-support\spine\skeletonrenderer.cpp(242): warning C4996: 'cocos2d::DrawPrimitives::drawPoly': was declared deprecated
          c:\users\chu\downloads\cocos2dx_source\innolab_proto_client\cocos2d\cocos\2d\ccdrawingprimitives.h(109) : see declaration of 'cocos2d::DrawPrimitives::drawPoly'
c:\users\chu\downloads\cocos2dx_source\innolab_proto_client\cocos2d\cocos\editor-support\spine\skeletonrenderer.cpp(248): warning C4996: 'cocos2d::DrawPrimitives::setDrawColor4B': was declared deprecated
          c:\users\chu\downloads\cocos2dx_source\innolab_proto_client\cocos2d\cocos\2d\ccdrawingprimitives.h(150) : see declaration of 'cocos2d::DrawPrimitives::setDrawColor4B'
c:\users\chu\downloads\cocos2dx_source\innolab_proto_client\cocos2d\cocos\editor-support\spine\skeletonrenderer.cpp(253): warning C4996: 'cocos2d::DrawPrimitives::drawLine': was declared deprecated
          c:\users\chu\downloads\cocos2dx_source\innolab_proto_client\cocos2d\cocos\2d\ccdrawingprimitives.h(96) : see declaration of 'cocos2d::DrawPrimitives::drawLine'
c:\users\chu\downloads\cocos2dx_source\innolab_proto_client\cocos2d\cocos\editor-support\spine\skeletonrenderer.cpp(256): warning C4996: 'cocos2d::DrawPrimitives::setPointSize': was declared deprecated
          c:\users\chu\downloads\cocos2dx_source\innolab_proto_client\cocos2d\cocos\2d\ccdrawingprimitives.h(160) : see declaration of 'cocos2d::DrawPrimitives::setPointSize'
c:\users\chu\downloads\cocos2dx_source\innolab_proto_client\cocos2d\cocos\editor-support\spine\skeletonrenderer.cpp(257): warning C4996: 'cocos2d::DrawPrimitives::setDrawColor4B': was declared deprecated
          c:\users\chu\downloads\cocos2dx_source\innolab_proto_client\cocos2d\cocos\2d\ccdrawingprimitives.h(150) : see declaration of 'cocos2d::DrawPrimitives::setDrawColor4B'
c:\users\chu\downloads\cocos2dx_source\innolab_proto_client\cocos2d\cocos\editor-support\spine\skeletonrenderer.cpp(260): warning C4996: 'cocos2d::DrawPrimitives::drawPoint': was declared deprecated
          c:\users\chu\downloads\cocos2dx_source\innolab_proto_client\cocos2d\cocos\2d\ccdrawingprimitives.h(88) : see declaration of 'cocos2d::DrawPrimitives::drawPoint'
c:\users\chu\downloads\cocos2dx_source\innolab_proto_client\cocos2d\cocos\editor-support\spine\skeletonrenderer.cpp(261): warning C4996: 'cocos2d::DrawPrimitives::setDrawColor4B': was declared deprecated
          c:\users\chu\downloads\cocos2dx_source\innolab_proto_client\cocos2d\cocos\2d\ccdrawingprimitives.h(150) : see declaration of 'cocos2d::DrawPrimitives::setDrawColor4B'
  libSpine.vcxproj -> C:\Users\chu\Downloads\cocos2dx_source\innolab_proto_client\proj.win32\Debug.win32\libSpine.lib
